<?xml version="1.0" encoding="UTF-8"?>
<testsuite name="pl.milk.aggregator.AggregatorApplicationTests" tests="1" skipped="1" failures="0" errors="0" timestamp="2019-11-09T15:38:37" hostname="artur-ThinkPad-T450" time="0.001">
  <properties/>
  <testcase name="contextLoads" classname="pl.milk.aggregator.AggregatorApplicationTests" time="0.001">
    <skipped/>
  </testcase>
  <system-out><![CDATA[]]></system-out>
  <system-err><![CDATA[]]></system-err>
</testsuite>
